{"level":"info","msg":"mysql connect dsn:root:1qaz!QAZ@tcp(localhost:3306)/?charset=utf8mb4\u0026parseTime=True\u0026loc=Local","time":"2024-09-19T22:28:31+08:00"}
{"level":"info","msg":"redis connect option:{ localhost:6379  \u003cnil\u003e \u003cnil\u003e 0   \u003cnil\u003e \u003cnil\u003e 0 0 0s 0s 0s 0s 0s false false 0 0s 0 0 0 0s 0s \u003cnil\u003e \u003cnil\u003e false false }","time":"2024-09-19T22:28:31+08:00"}
{"level":"info","msg":"session id = %ssession_auth:e489ec2d-bf36-4e75-bd1c-cecdaed95422","time":"2024-09-19T22:29:42+08:00"}
{"level":"info","msg":"create content","time":"2024-09-19T22:29:42+08:00"}
{"level":"info","msg":"exec input node...","time":"2024-09-19T22:29:43+08:00"}
{"level":"info","msg":"exec verify node...","time":"2024-09-19T22:29:44+08:00"}
{"level":"info","msg":"24cat videowww.sina111231212331232231323.com","time":"2024-09-19T22:29:44+08:00"}
{"level":"info","msg":"exec fail node...","time":"2024-09-19T22:29:46+08:00"}
{"level":"info","msg":"exec finish node...","time":"2024-09-19T22:29:47+08:00"}
{"level":"info","msg":"ok","time":"2024-09-19T22:29:47+08:00"}
{"level":"info","msg":"mysql connect dsn:root:1qaz!QAZ@tcp(localhost:3306)/?charset=utf8mb4\u0026parseTime=True\u0026loc=Local","time":"2024-09-27T10:42:51+08:00"}
{"level":"info","msg":"redis connect option:{ localhost:6379  \u003cnil\u003e \u003cnil\u003e 0   \u003cnil\u003e \u003cnil\u003e 0 0 0s 0s 0s 0s 0s false false 0 0s 0 0 0 0s 0s \u003cnil\u003e \u003cnil\u003e false false }","time":"2024-09-27T10:42:51+08:00"}
{"level":"info","msg":"mysql connect dsn:root:1qaz!QAZ@tcp(localhost:3306)/?charset=utf8mb4\u0026parseTime=True\u0026loc=Local","time":"2024-09-27T10:43:50+08:00"}
{"level":"info","msg":"redis connect option:{ localhost:6379  \u003cnil\u003e \u003cnil\u003e 0   \u003cnil\u003e \u003cnil\u003e 0 0 0s 0s 0s 0s 0s false false 0 0s 0 0 0 0s 0s \u003cnil\u003e \u003cnil\u003e false false }","time":"2024-09-27T10:43:50+08:00"}
{"level":"error","msg":"redis: nil","time":"2024-09-27T10:45:06+08:00"}
{"level":"info","msg":"session id = %ssession_auth:3da25830-a46b-4907-aa2e-473c078331f5","time":"2024-09-27T10:45:21+08:00"}
{"level":"info","msg":"create content","time":"2024-09-27T10:45:21+08:00"}
{"level":"info","msg":"session id = %ssession_auth:3da25830-a46b-4907-aa2e-473c078331f5","time":"2024-09-27T10:47:02+08:00"}
{"level":"info","msg":"create content","time":"2024-09-27T10:47:02+08:00"}
{"level":"info","msg":"mysql connect dsn:root:1qaz!QAZ@tcp(localhost:3306)/?charset=utf8mb4\u0026parseTime=True\u0026loc=Local","time":"2024-09-27T10:47:43+08:00"}
{"level":"info","msg":"redis connect option:{ localhost:6379  \u003cnil\u003e \u003cnil\u003e 0   \u003cnil\u003e \u003cnil\u003e 0 0 0s 0s 0s 0s 0s false false 0 0s 0 0 0 0s 0s \u003cnil\u003e \u003cnil\u003e false false }","time":"2024-09-27T10:47:43+08:00"}
{"level":"info","msg":"session id = %ssession_auth:3da25830-a46b-4907-aa2e-473c078331f5","time":"2024-09-27T10:47:51+08:00"}
{"level":"info","msg":"create content","time":"2024-09-27T10:47:51+08:00"}
{"level":"info","msg":"mysql connect dsn:root:1qaz!QAZ@tcp(localhost:3306)/?charset=utf8mb4\u0026parseTime=True\u0026loc=Local","time":"2024-09-27T16:49:18+08:00"}
{"level":"info","msg":"redis connect option:{ localhost:6379  \u003cnil\u003e \u003cnil\u003e 0   \u003cnil\u003e \u003cnil\u003e 0 0 0s 0s 0s 0s 0s false false 0 0s 0 0 0 0s 0s \u003cnil\u003e \u003cnil\u003e false false }","time":"2024-09-27T16:49:18+08:00"}
{"level":"error","msg":"redis: nil","time":"2024-09-27T16:52:04+08:00"}
{"level":"info","msg":"session id = %ssession_auth:dac3d852-939c-4542-8205-dc9d707a7a0f","time":"2024-09-27T16:52:18+08:00"}
{"level":"info","msg":"create content","time":"2024-09-27T16:52:18+08:00"}
{"level":"info","msg":"session id = %ssession_auth:dac3d852-939c-4542-8205-dc9d707a7a0f","time":"2024-09-27T16:53:35+08:00"}
{"level":"info","msg":"create content","time":"2024-09-27T16:53:35+08:00"}
{"level":"info","msg":"session id = %ssession_auth:dac3d852-939c-4542-8205-dc9d707a7a0f","time":"2024-09-27T16:53:39+08:00"}
{"level":"info","msg":"create content","time":"2024-09-27T16:53:39+08:00"}
{"level":"info","msg":"session id = %ssession_auth:dac3d852-939c-4542-8205-dc9d707a7a0f","time":"2024-09-27T16:54:01+08:00"}
{"level":"info","msg":"create content","time":"2024-09-27T16:54:01+08:00"}
{"level":"info","msg":"session id = %ssession_auth:dac3d852-939c-4542-8205-dc9d707a7a0f","time":"2024-09-27T16:58:56+08:00"}
{"level":"info","msg":"create content","time":"2024-09-27T16:58:56+08:00"}
{"level":"info","msg":"session id = %ssession_auth:dac3d852-939c-4542-8205-dc9d707a7a0f","time":"2024-09-27T16:59:00+08:00"}
{"level":"info","msg":"create content","time":"2024-09-27T16:59:00+08:00"}
{"level":"info","msg":"session id = %ssession_auth:dac3d852-939c-4542-8205-dc9d707a7a0f","time":"2024-09-27T17:06:56+08:00"}
{"level":"info","msg":"create content","time":"2024-09-27T17:06:56+08:00"}
{"level":"info","msg":"session id = %ssession_auth:dac3d852-939c-4542-8205-dc9d707a7a0f","time":"2024-09-27T17:07:02+08:00"}
{"level":"info","msg":"create content","time":"2024-09-27T17:07:02+08:00"}
{"level":"info","msg":"session id = %ssession_auth:dac3d852-939c-4542-8205-dc9d707a7a0f","time":"2024-09-27T17:07:03+08:00"}
{"level":"info","msg":"create content","time":"2024-09-27T17:07:03+08:00"}
{"level":"info","msg":"session id = %ssession_auth:dac3d852-939c-4542-8205-dc9d707a7a0f","time":"2024-09-27T17:07:04+08:00"}
{"level":"info","msg":"create content","time":"2024-09-27T17:07:04+08:00"}
{"level":"info","msg":"session id = %ssession_auth:dac3d852-939c-4542-8205-dc9d707a7a0f","time":"2024-09-27T17:07:06+08:00"}
{"level":"info","msg":"create content","time":"2024-09-27T17:07:06+08:00"}
{"level":"info","msg":"session id = %ssession_auth:dac3d852-939c-4542-8205-dc9d707a7a0f","time":"2024-09-27T17:07:07+08:00"}
{"level":"info","msg":"create content","time":"2024-09-27T17:07:07+08:00"}
{"level":"info","msg":"session id = %ssession_auth:dac3d852-939c-4542-8205-dc9d707a7a0f","time":"2024-09-27T17:07:08+08:00"}
{"level":"info","msg":"create content","time":"2024-09-27T17:07:08+08:00"}
{"level":"info","msg":"session id = %ssession_auth:dac3d852-939c-4542-8205-dc9d707a7a0f","time":"2024-09-27T17:07:08+08:00"}
{"level":"info","msg":"create content","time":"2024-09-27T17:07:08+08:00"}
{"level":"info","msg":"session id = %ssession_auth:dac3d852-939c-4542-8205-dc9d707a7a0f","time":"2024-09-27T17:07:09+08:00"}
{"level":"info","msg":"create content","time":"2024-09-27T17:07:09+08:00"}
{"level":"info","msg":"session id = %ssession_auth:dac3d852-939c-4542-8205-dc9d707a7a0f","time":"2024-09-27T17:07:11+08:00"}
{"level":"info","msg":"create content","time":"2024-09-27T17:07:11+08:00"}
{"level":"info","msg":"session id = %ssession_auth:dac3d852-939c-4542-8205-dc9d707a7a0f","time":"2024-09-27T17:07:12+08:00"}
{"level":"info","msg":"create content","time":"2024-09-27T17:07:12+08:00"}
{"level":"info","msg":"session id = %ssession_auth:dac3d852-939c-4542-8205-dc9d707a7a0f","time":"2024-09-27T17:07:13+08:00"}
{"level":"info","msg":"create content","time":"2024-09-27T17:07:13+08:00"}
{"level":"info","msg":"session id = %ssession_auth:dac3d852-939c-4542-8205-dc9d707a7a0f","time":"2024-09-27T17:07:18+08:00"}
{"level":"info","msg":"create content","time":"2024-09-27T17:07:18+08:00"}
{"level":"info","msg":"session id = %ssession_auth:dac3d852-939c-4542-8205-dc9d707a7a0f","time":"2024-09-27T17:07:19+08:00"}
{"level":"info","msg":"create content","time":"2024-09-27T17:07:19+08:00"}
{"level":"info","msg":"session id = %ssession_auth:dac3d852-939c-4542-8205-dc9d707a7a0f","time":"2024-09-27T17:07:20+08:00"}
{"level":"info","msg":"create content","time":"2024-09-27T17:07:20+08:00"}
{"level":"info","msg":"session id = %ssession_auth:dac3d852-939c-4542-8205-dc9d707a7a0f","time":"2024-09-27T17:07:23+08:00"}
{"level":"info","msg":"create content","time":"2024-09-27T17:07:23+08:00"}
{"level":"info","msg":"session id = %ssession_auth:dac3d852-939c-4542-8205-dc9d707a7a0f","time":"2024-09-27T17:07:35+08:00"}
{"level":"info","msg":"create content","time":"2024-09-27T17:07:35+08:00"}
{"level":"info","msg":"mysql connect dsn:root:1qaz!QAZ@tcp(localhost:3306)/?charset=utf8mb4\u0026parseTime=True\u0026loc=Local","time":"2024-09-27T17:08:05+08:00"}
{"level":"info","msg":"redis connect option:{ localhost:6379  \u003cnil\u003e \u003cnil\u003e 0   \u003cnil\u003e \u003cnil\u003e 0 0 0s 0s 0s 0s 0s false false 0 0s 0 0 0 0s 0s \u003cnil\u003e \u003cnil\u003e false false }","time":"2024-09-27T17:08:05+08:00"}
{"level":"info","msg":"mysql connect dsn:root:1qaz!QAZ@tcp(localhost:3306)/?charset=utf8mb4\u0026parseTime=True\u0026loc=Local","time":"2024-09-27T17:08:08+08:00"}
{"level":"info","msg":"redis connect option:{ localhost:6379  \u003cnil\u003e \u003cnil\u003e 0   \u003cnil\u003e \u003cnil\u003e 0 0 0s 0s 0s 0s 0s false false 0 0s 0 0 0 0s 0s \u003cnil\u003e \u003cnil\u003e false false }","time":"2024-09-27T17:08:08+08:00"}
{"level":"info","msg":"session id = %ssession_auth:dac3d852-939c-4542-8205-dc9d707a7a0f","time":"2024-09-27T17:08:13+08:00"}
{"level":"info","msg":"create content","time":"2024-09-27T17:08:13+08:00"}
{"level":"info","msg":"session id = %ssession_auth:dac3d852-939c-4542-8205-dc9d707a7a0f","time":"2024-09-27T17:08:22+08:00"}
{"level":"info","msg":"create content","time":"2024-09-27T17:08:22+08:00"}
{"level":"info","msg":"session id = %ssession_auth:dac3d852-939c-4542-8205-dc9d707a7a0f","time":"2024-09-27T17:08:38+08:00"}
{"level":"info","msg":"create content","time":"2024-09-27T17:08:38+08:00"}
{"level":"info","msg":"mysql connect dsn:root:1qaz!QAZ@tcp(localhost:3306)/?charset=utf8mb4\u0026parseTime=True\u0026loc=Local","time":"2024-09-27T18:25:09+08:00"}
{"level":"info","msg":"redis connect option:{ localhost:6379  \u003cnil\u003e \u003cnil\u003e 0   \u003cnil\u003e \u003cnil\u003e 0 0 0s 0s 0s 0s 0s false false 0 0s 0 0 0 0s 0s \u003cnil\u003e \u003cnil\u003e false false }","time":"2024-09-27T18:25:09+08:00"}
{"level":"info","msg":"session id = %ssession_auth:dac3d852-939c-4542-8205-dc9d707a7a0f","time":"2024-09-27T18:25:13+08:00"}
{"level":"info","msg":"create content","time":"2024-09-27T18:25:13+08:00"}
{"level":"info","msg":"session id = %ssession_auth:dac3d852-939c-4542-8205-dc9d707a7a0f","time":"2024-09-27T18:25:48+08:00"}
{"level":"info","msg":"create content","time":"2024-09-27T18:25:48+08:00"}
{"level":"info","msg":"mysql connect dsn:root:1qaz!QAZ@tcp(localhost:3306)/?charset=utf8mb4\u0026parseTime=True\u0026loc=Local","time":"2024-09-27T19:29:28+08:00"}
{"level":"info","msg":"redis connect option:{ localhost:6379  \u003cnil\u003e \u003cnil\u003e 0   \u003cnil\u003e \u003cnil\u003e 0 0 0s 0s 0s 0s 0s false false 0 0s 0 0 0 0s 0s \u003cnil\u003e \u003cnil\u003e false false }","time":"2024-09-27T19:29:28+08:00"}
{"level":"info","msg":"session id = %ssession_auth:dac3d852-939c-4542-8205-dc9d707a7a0f","time":"2024-09-27T19:29:48+08:00"}
{"level":"info","msg":"create content","time":"2024-09-27T19:29:48+08:00"}
{"level":"info","msg":"mysql connect dsn:root:1qaz!QAZ@tcp(localhost:3306)/?charset=utf8mb4\u0026parseTime=True\u0026loc=Local","time":"2024-09-27T19:30:20+08:00"}
{"level":"info","msg":"redis connect option:{ localhost:6379  \u003cnil\u003e \u003cnil\u003e 0   \u003cnil\u003e \u003cnil\u003e 0 0 0s 0s 0s 0s 0s false false 0 0s 0 0 0 0s 0s \u003cnil\u003e \u003cnil\u003e false false }","time":"2024-09-27T19:30:20+08:00"}
{"level":"info","msg":"session id = %ssession_auth:dac3d852-939c-4542-8205-dc9d707a7a0f","time":"2024-09-27T19:30:29+08:00"}
{"level":"info","msg":"create content","time":"2024-09-27T19:30:29+08:00"}
{"level":"info","msg":"mysql connect dsn:root:1qaz!QAZ@tcp(localhost:3306)/?charset=utf8mb4\u0026parseTime=True\u0026loc=Local","time":"2024-09-27T19:32:25+08:00"}
{"level":"info","msg":"redis connect option:{ localhost:6379  \u003cnil\u003e \u003cnil\u003e 0   \u003cnil\u003e \u003cnil\u003e 0 0 0s 0s 0s 0s 0s false false 0 0s 0 0 0 0s 0s \u003cnil\u003e \u003cnil\u003e false false }","time":"2024-09-27T19:32:25+08:00"}
{"level":"info","msg":"session id = %ssession_auth:dac3d852-939c-4542-8205-dc9d707a7a0f","time":"2024-09-27T19:32:28+08:00"}
{"level":"info","msg":"create content","time":"2024-09-27T19:32:28+08:00"}
{"level":"info","msg":"session id = %ssession_auth:dac3d852-939c-4542-8205-dc9d707a7a0f","time":"2024-09-27T19:32:41+08:00"}
{"level":"info","msg":"create content","time":"2024-09-27T19:32:41+08:00"}
{"level":"info","msg":"session id = %ssession_auth:dac3d852-939c-4542-8205-dc9d707a7a0f","time":"2024-09-27T19:34:37+08:00"}
{"level":"info","msg":"create content","time":"2024-09-27T19:34:37+08:00"}
{"level":"info","msg":"mysql connect dsn:root:1qaz!QAZ@tcp(localhost:3306)/?charset=utf8mb4\u0026parseTime=True\u0026loc=Local","time":"2024-09-27T19:59:34+08:00"}
{"level":"info","msg":"redis connect option:{ localhost:6379  \u003cnil\u003e \u003cnil\u003e 0   \u003cnil\u003e \u003cnil\u003e 0 0 0s 0s 0s 0s 0s false false 0 0s 0 0 0 0s 0s \u003cnil\u003e \u003cnil\u003e false false }","time":"2024-09-27T19:59:34+08:00"}
{"level":"info","msg":"session id = %ssession_auth:dac3d852-939c-4542-8205-dc9d707a7a0f","time":"2024-09-27T20:17:46+08:00"}
{"level":"info","msg":"create content","time":"2024-09-27T20:17:46+08:00"}
{"level":"info","msg":"mysql connect dsn:root:1qaz!QAZ@tcp(localhost:3306)/?charset=utf8mb4\u0026parseTime=True\u0026loc=Local","time":"2024-09-27T20:20:02+08:00"}
{"level":"info","msg":"redis connect option:{ localhost:6379  \u003cnil\u003e \u003cnil\u003e 0   \u003cnil\u003e \u003cnil\u003e 0 0 0s 0s 0s 0s 0s false false 0 0s 0 0 0 0s 0s \u003cnil\u003e \u003cnil\u003e false false }","time":"2024-09-27T20:20:02+08:00"}
{"level":"info","msg":"mysql connect dsn:root:1qaz!QAZ@tcp(localhost:3306)/?charset=utf8mb4\u0026parseTime=True\u0026loc=Local","time":"2024-09-27T20:20:15+08:00"}
{"level":"info","msg":"redis connect option:{ localhost:6379  \u003cnil\u003e \u003cnil\u003e 0   \u003cnil\u003e \u003cnil\u003e 0 0 0s 0s 0s 0s 0s false false 0 0s 0 0 0 0s 0s \u003cnil\u003e \u003cnil\u003e false false }","time":"2024-09-27T20:20:15+08:00"}
{"level":"info","msg":"mysql connect dsn:root:1qaz!QAZ@tcp(localhost:3306)/?charset=utf8mb4\u0026parseTime=True\u0026loc=Local","time":"2024-09-27T20:21:35+08:00"}
{"level":"info","msg":"redis connect option:{ localhost:6379  \u003cnil\u003e \u003cnil\u003e 0   \u003cnil\u003e \u003cnil\u003e 0 0 0s 0s 0s 0s 0s false false 0 0s 0 0 0 0s 0s \u003cnil\u003e \u003cnil\u003e false false }","time":"2024-09-27T20:21:35+08:00"}
{"level":"info","msg":"session id = %ssession_auth:dac3d852-939c-4542-8205-dc9d707a7a0f","time":"2024-09-27T20:21:41+08:00"}
{"level":"info","msg":"create content","time":"2024-09-27T20:21:41+08:00"}
{"level":"info","msg":"session id = %ssession_auth:dac3d852-939c-4542-8205-dc9d707a7a0f","time":"2024-09-27T20:25:42+08:00"}
{"level":"info","msg":"create content","time":"2024-09-27T20:25:42+08:00"}
{"level":"info","msg":"session id = %ssession_auth:dac3d852-939c-4542-8205-dc9d707a7a0f","time":"2024-09-27T20:27:39+08:00"}
{"level":"info","msg":"create content","time":"2024-09-27T20:27:39+08:00"}
{"level":"info","msg":"session id = %ssession_auth:dac3d852-939c-4542-8205-dc9d707a7a0f","time":"2024-09-27T20:29:19+08:00"}
{"level":"info","msg":"create content","time":"2024-09-27T20:29:19+08:00"}
{"level":"info","msg":"session id = %ssession_auth:dac3d852-939c-4542-8205-dc9d707a7a0f","time":"2024-09-27T20:34:19+08:00"}
{"level":"info","msg":"create content","time":"2024-09-27T20:34:19+08:00"}
{"level":"info","msg":"session id = %ssession_auth:dac3d852-939c-4542-8205-dc9d707a7a0f","time":"2024-09-27T20:34:59+08:00"}
{"level":"info","msg":"create content","time":"2024-09-27T20:34:59+08:00"}
{"level":"info","msg":"mysql connect dsn:root:1qaz!QAZ@tcp(localhost:3306)/?charset=utf8mb4\u0026parseTime=True\u0026loc=Local","time":"2024-09-27T20:40:26+08:00"}
{"level":"info","msg":"redis connect option:{ localhost:6379  \u003cnil\u003e \u003cnil\u003e 0   \u003cnil\u003e \u003cnil\u003e 0 0 0s 0s 0s 0s 0s false false 0 0s 0 0 0 0s 0s \u003cnil\u003e \u003cnil\u003e false false }","time":"2024-09-27T20:40:26+08:00"}
{"level":"info","msg":"session id = %ssession_auth:dac3d852-939c-4542-8205-dc9d707a7a0f","time":"2024-09-27T20:40:29+08:00"}
{"level":"info","msg":"create content","time":"2024-09-27T20:40:29+08:00"}
{"level":"info","msg":"session id = %ssession_auth:dac3d852-939c-4542-8205-dc9d707a7a0f","time":"2024-09-27T20:40:48+08:00"}
{"level":"info","msg":"create content","time":"2024-09-27T20:40:48+08:00"}
{"level":"info","msg":"session id = %ssession_auth:dac3d852-939c-4542-8205-dc9d707a7a0f","time":"2024-09-27T20:42:12+08:00"}
{"level":"info","msg":"create content","time":"2024-09-27T20:42:12+08:00"}
{"level":"info","msg":"session id = %ssession_auth:dac3d852-939c-4542-8205-dc9d707a7a0f","time":"2024-09-27T20:42:23+08:00"}
{"level":"info","msg":"create content","time":"2024-09-27T20:42:23+08:00"}
{"level":"info","msg":"session id = %ssession_auth:dac3d852-939c-4542-8205-dc9d707a7a0f","time":"2024-09-27T20:42:34+08:00"}
{"level":"info","msg":"create content","time":"2024-09-27T20:42:34+08:00"}
{"level":"info","msg":"session id = %ssession_auth:dac3d852-939c-4542-8205-dc9d707a7a0f","time":"2024-09-27T20:52:17+08:00"}
{"level":"info","msg":"create content","time":"2024-09-27T20:52:17+08:00"}
{"level":"error","msg":"redis: nil","time":"2024-09-27T20:53:18+08:00"}
{"level":"info","msg":"session id = %ssession_auth:dac3d852-939c-4542-8205-dc9d707a7a0f","time":"2024-09-27T20:53:40+08:00"}
{"level":"info","msg":"mysql connect dsn:root:1qaz!QAZ@tcp(localhost:3306)/?charset=utf8mb4\u0026parseTime=True\u0026loc=Local","time":"2024-09-27T20:56:42+08:00"}
{"level":"info","msg":"redis connect option:{ localhost:6379  \u003cnil\u003e \u003cnil\u003e 0   \u003cnil\u003e \u003cnil\u003e 0 0 0s 0s 0s 0s 0s false false 0 0s 0 0 0 0s 0s \u003cnil\u003e \u003cnil\u003e false false }","time":"2024-09-27T20:56:42+08:00"}
{"level":"info","msg":"session id = %ssession_auth:dac3d852-939c-4542-8205-dc9d707a7a0f","time":"2024-09-27T20:57:03+08:00"}
{"level":"info","msg":"session id = %ssession_auth:dac3d852-939c-4542-8205-dc9d707a7a0f","time":"2024-09-27T20:57:15+08:00"}
{"level":"info","msg":"mysql connect dsn:root:1qaz!QAZ@tcp(localhost:3306)/?charset=utf8mb4\u0026parseTime=True\u0026loc=Local","time":"2024-09-27T21:07:50+08:00"}
{"level":"info","msg":"redis connect option:{ localhost:6379  \u003cnil\u003e \u003cnil\u003e 0   \u003cnil\u003e \u003cnil\u003e 0 0 0s 0s 0s 0s 0s false false 0 0s 0 0 0 0s 0s \u003cnil\u003e \u003cnil\u003e false false }","time":"2024-09-27T21:07:50+08:00"}
{"level":"info","msg":"session id = %ssession_auth:dac3d852-939c-4542-8205-dc9d707a7a0f","time":"2024-09-27T21:08:09+08:00"}
{"level":"info","msg":"session id = %ssession_auth:dac3d852-939c-4542-8205-dc9d707a7a0f","time":"2024-09-27T21:08:34+08:00"}
{"level":"info","msg":"session id = %ssession_auth:dac3d852-939c-4542-8205-dc9d707a7a0f","time":"2024-09-27T21:09:08+08:00"}
{"level":"info","msg":"session id = %ssession_auth:dac3d852-939c-4542-8205-dc9d707a7a0f","time":"2024-09-27T21:10:07+08:00"}
{"level":"info","msg":"session id = %ssession_auth:dac3d852-939c-4542-8205-dc9d707a7a0f","time":"2024-09-27T21:10:34+08:00"}
{"level":"info","msg":"mysql connect dsn:root:1qaz!QAZ@tcp(localhost:3306)/?charset=utf8mb4\u0026parseTime=True\u0026loc=Local","time":"2024-09-27T21:11:07+08:00"}
{"level":"info","msg":"redis connect option:{ localhost:6379  \u003cnil\u003e \u003cnil\u003e 0   \u003cnil\u003e \u003cnil\u003e 0 0 0s 0s 0s 0s 0s false false 0 0s 0 0 0 0s 0s \u003cnil\u003e \u003cnil\u003e false false }","time":"2024-09-27T21:11:07+08:00"}
{"level":"info","msg":"session id = %ssession_auth:dac3d852-939c-4542-8205-dc9d707a7a0f","time":"2024-09-27T21:11:39+08:00"}
{"level":"info","msg":"mysql connect dsn:root:1qaz!QAZ@tcp(localhost:3306)/?charset=utf8mb4\u0026parseTime=True\u0026loc=Local","time":"2024-09-27T21:13:56+08:00"}
{"level":"info","msg":"redis connect option:{ localhost:6379  \u003cnil\u003e \u003cnil\u003e 0   \u003cnil\u003e \u003cnil\u003e 0 0 0s 0s 0s 0s 0s false false 0 0s 0 0 0 0s 0s \u003cnil\u003e \u003cnil\u003e false false }","time":"2024-09-27T21:13:56+08:00"}
{"level":"info","msg":"session id = %ssession_auth:dac3d852-939c-4542-8205-dc9d707a7a0f","time":"2024-09-27T21:14:01+08:00"}
{"level":"info","msg":"session id = %ssession_auth:dac3d852-939c-4542-8205-dc9d707a7a0f","time":"2024-09-27T21:14:23+08:00"}
{"level":"info","msg":"session id = %ssession_auth:dac3d852-939c-4542-8205-dc9d707a7a0f","time":"2024-09-27T21:15:10+08:00"}
{"level":"info","msg":"mysql connect dsn:root:1qaz!QAZ@tcp(localhost:3306)/?charset=utf8mb4\u0026parseTime=True\u0026loc=Local","time":"2024-09-27T21:33:52+08:00"}
{"level":"info","msg":"redis connect option:{ localhost:6379  \u003cnil\u003e \u003cnil\u003e 0   \u003cnil\u003e \u003cnil\u003e 0 0 0s 0s 0s 0s 0s false false 0 0s 0 0 0 0s 0s \u003cnil\u003e \u003cnil\u003e false false }","time":"2024-09-27T21:33:52+08:00"}
{"level":"info","msg":"session id = %ssession_auth:dac3d852-939c-4542-8205-dc9d707a7a0f","time":"2024-09-27T21:34:30+08:00"}
{"level":"info","msg":"session id = %ssession_auth:dac3d852-939c-4542-8205-dc9d707a7a0f","time":"2024-09-27T21:34:40+08:00"}
{"level":"info","msg":"mysql connect dsn:root:1qaz!QAZ@tcp(localhost:3306)/?charset=utf8mb4\u0026parseTime=True\u0026loc=Local","time":"2024-09-28T14:42:31+08:00"}
{"level":"info","msg":"redis connect option:{ localhost:6379  \u003cnil\u003e \u003cnil\u003e 0   \u003cnil\u003e \u003cnil\u003e 0 0 0s 0s 0s 0s 0s false false 0 0s 0 0 0 0s 0s \u003cnil\u003e \u003cnil\u003e false false }","time":"2024-09-28T14:42:31+08:00"}
{"level":"error","msg":"redis: nil","time":"2024-09-28T14:42:46+08:00"}
{"level":"info","msg":"session id = %ssession_auth:d61a1dea-bf63-4611-813b-1ad8851566a9","time":"2024-09-28T14:42:56+08:00"}
